/!\ FAILSAFE /!\  Wed May 06 15:09:12 -0700 2009
  Status: 500 Internal Server Error
  Unknown database 'ninjity_development'
    /Library/Ruby/Gems/1.8/gems/activerecord-2.3.2/lib/active_record/connection_adapters/mysql_adapter.rb:576:in `real_connect'
    /Library/Ruby/Gems/1.8/gems/activerecord-2.3.2/lib/active_record/connection_adapters/mysql_adapter.rb:576:in `connect'
    /Library/Ruby/Gems/1.8/gems/activerecord-2.3.2/lib/active_record/connection_adapters/mysql_adapter.rb:204:in `initialize'
    /Library/Ruby/Gems/1.8/gems/activerecord-2.3.2/lib/active_record/connection_adapters/mysql_adapter.rb:76:in `new'
    /Library/Ruby/Gems/1.8/gems/activerecord-2.3.2/lib/active_record/connection_adapters/mysql_adapter.rb:76:in `mysql_connection'
    /Library/Ruby/Gems/1.8/gems/activerecord-2.3.2/lib/active_record/connection_adapters/abstract/connection_pool.rb:223:in `send'
    /Library/Ruby/Gems/1.8/gems/activerecord-2.3.2/lib/active_record/connection_adapters/abstract/connection_pool.rb:223:in `new_connection'
    /Library/Ruby/Gems/1.8/gems/activerecord-2.3.2/lib/active_record/connection_adapters/abstract/connection_pool.rb:245:in `checkout_new_connection'
    /Library/Ruby/Gems/1.8/gems/activerecord-2.3.2/lib/active_record/connection_adapters/abstract/connection_pool.rb:188:in `checkout'
    /Library/Ruby/Gems/1.8/gems/activerecord-2.3.2/lib/active_record/connection_adapters/abstract/connection_pool.rb:184:in `loop'
    /Library/Ruby/Gems/1.8/gems/activerecord-2.3.2/lib/active_record/connection_adapters/abstract/connection_pool.rb:184:in `checkout'
    /System/Library/Frameworks/Ruby.framework/Versions/1.8/usr/lib/ruby/1.8/monitor.rb:242:in `synchronize'
    /Library/Ruby/Gems/1.8/gems/activerecord-2.3.2/lib/active_record/connection_adapters/abstract/connection_pool.rb:183:in `checkout'
    /Library/Ruby/Gems/1.8/gems/activerecord-2.3.2/lib/active_record/connection_adapters/abstract/connection_pool.rb:98:in `connection'
    /Library/Ruby/Gems/1.8/gems/activerecord-2.3.2/lib/active_record/connection_adapters/abstract/connection_pool.rb:326:in `retrieve_connection'
    /Library/Ruby/Gems/1.8/gems/activerecord-2.3.2/lib/active_record/connection_adapters/abstract/connection_specification.rb:123:in `retrieve_connection'
    /Library/Ruby/Gems/1.8/gems/activerecord-2.3.2/lib/active_record/connection_adapters/abstract/connection_specification.rb:115:in `connection'
    /Library/Ruby/Gems/1.8/gems/activerecord-2.3.2/lib/active_record/query_cache.rb:9:in `cache'
    /Library/Ruby/Gems/1.8/gems/activerecord-2.3.2/lib/active_record/query_cache.rb:28:in `call'
    /Library/Ruby/Gems/1.8/gems/activerecord-2.3.2/lib/active_record/connection_adapters/abstract/connection_pool.rb:361:in `call'
    /Library/Ruby/Gems/1.8/gems/rack-1.0.0/lib/rack/head.rb:9:in `call'
    /Library/Ruby/Gems/1.8/gems/rack-1.0.0/lib/rack/methodoverride.rb:24:in `call'
    /Library/Ruby/Gems/1.8/gems/actionpack-2.3.2/lib/action_controller/params_parser.rb:15:in `call'
    /Library/Ruby/Gems/1.8/gems/actionpack-2.3.2/lib/action_controller/rewindable_input.rb:25:in `call'
    /Library/Ruby/Gems/1.8/gems/actionpack-2.3.2/lib/action_controller/session/cookie_store.rb:93:in `call'
    /Library/Ruby/Gems/1.8/gems/actionpack-2.3.2/lib/action_controller/reloader.rb:9:in `call'
    /Library/Ruby/Gems/1.8/gems/actionpack-2.3.2/lib/action_controller/failsafe.rb:11:in `call'
    /Library/Ruby/Gems/1.8/gems/rack-1.0.0/lib/rack/lock.rb:11:in `call'
    /Library/Ruby/Gems/1.8/gems/rack-1.0.0/lib/rack/lock.rb:11:in `synchronize'
    /Library/Ruby/Gems/1.8/gems/rack-1.0.0/lib/rack/lock.rb:11:in `call'
    /Library/Ruby/Gems/1.8/gems/actionpack-2.3.2/lib/action_controller/dispatcher.rb:106:in `call'
    /Library/Ruby/Gems/1.8/gems/rails-2.3.2/lib/rails/rack/static.rb:31:in `call'
    /Library/Ruby/Gems/1.8/gems/rack-1.0.0/lib/rack/urlmap.rb:46:in `call'
    /Library/Ruby/Gems/1.8/gems/rack-1.0.0/lib/rack/urlmap.rb:40:in `each'
    /Library/Ruby/Gems/1.8/gems/rack-1.0.0/lib/rack/urlmap.rb:40:in `call'
    /Library/Ruby/Gems/1.8/gems/rails-2.3.2/lib/rails/rack/log_tailer.rb:17:in `call'
    /Library/Ruby/Gems/1.8/gems/rack-1.0.0/lib/rack/content_length.rb:13:in `call'
    /Library/Ruby/Gems/1.8/gems/rack-1.0.0/lib/rack/chunked.rb:15:in `call'
    /Library/Ruby/Gems/1.8/gems/rack-1.0.0/lib/rack/handler/mongrel.rb:61:in `process'
    /Library/Ruby/Gems/1.8/gems/mongrel-1.1.5/lib/mongrel.rb:159:in `process_client'
    /Library/Ruby/Gems/1.8/gems/mongrel-1.1.5/lib/mongrel.rb:158:in `each'
    /Library/Ruby/Gems/1.8/gems/mongrel-1.1.5/lib/mongrel.rb:158:in `process_client'
    /Library/Ruby/Gems/1.8/gems/mongrel-1.1.5/lib/mongrel.rb:285:in `run'
    /Library/Ruby/Gems/1.8/gems/mongrel-1.1.5/lib/mongrel.rb:285:in `initialize'
    /Library/Ruby/Gems/1.8/gems/mongrel-1.1.5/lib/mongrel.rb:285:in `new'
    /Library/Ruby/Gems/1.8/gems/mongrel-1.1.5/lib/mongrel.rb:285:in `run'
    /Library/Ruby/Gems/1.8/gems/mongrel-1.1.5/lib/mongrel.rb:268:in `initialize'
    /Library/Ruby/Gems/1.8/gems/mongrel-1.1.5/lib/mongrel.rb:268:in `new'
    /Library/Ruby/Gems/1.8/gems/mongrel-1.1.5/lib/mongrel.rb:268:in `run'
    /Library/Ruby/Gems/1.8/gems/rack-1.0.0/lib/rack/handler/mongrel.rb:34:in `run'
    /Library/Ruby/Gems/1.8/gems/rails-2.3.2/lib/commands/server.rb:111
    /Library/Ruby/Site/1.8/rubygems/custom_require.rb:31:in `gem_original_require'
    /Library/Ruby/Site/1.8/rubygems/custom_require.rb:31:in `require'
    script/server:3
/!\ FAILSAFE /!\  Wed May 06 15:09:17 -0700 2009
  Status: 500 Internal Server Error
  Unknown database 'ninjity_development'
    /Library/Ruby/Gems/1.8/gems/activerecord-2.3.2/lib/active_record/connection_adapters/mysql_adapter.rb:576:in `real_connect'
    /Library/Ruby/Gems/1.8/gems/activerecord-2.3.2/lib/active_record/connection_adapters/mysql_adapter.rb:576:in `connect'
    /Library/Ruby/Gems/1.8/gems/activerecord-2.3.2/lib/active_record/connection_adapters/mysql_adapter.rb:204:in `initialize'
    /Library/Ruby/Gems/1.8/gems/activerecord-2.3.2/lib/active_record/connection_adapters/mysql_adapter.rb:76:in `new'
    /Library/Ruby/Gems/1.8/gems/activerecord-2.3.2/lib/active_record/connection_adapters/mysql_adapter.rb:76:in `mysql_connection'
    /Library/Ruby/Gems/1.8/gems/activerecord-2.3.2/lib/active_record/connection_adapters/abstract/connection_pool.rb:223:in `send'
    /Library/Ruby/Gems/1.8/gems/activerecord-2.3.2/lib/active_record/connection_adapters/abstract/connection_pool.rb:223:in `new_connection'
    /Library/Ruby/Gems/1.8/gems/activerecord-2.3.2/lib/active_record/connection_adapters/abstract/connection_pool.rb:245:in `checkout_new_connection'
    /Library/Ruby/Gems/1.8/gems/activerecord-2.3.2/lib/active_record/connection_adapters/abstract/connection_pool.rb:188:in `checkout'
    /Library/Ruby/Gems/1.8/gems/activerecord-2.3.2/lib/active_record/connection_adapters/abstract/connection_pool.rb:184:in `loop'
    /Library/Ruby/Gems/1.8/gems/activerecord-2.3.2/lib/active_record/connection_adapters/abstract/connection_pool.rb:184:in `checkout'
    /System/Library/Frameworks/Ruby.framework/Versions/1.8/usr/lib/ruby/1.8/monitor.rb:242:in `synchronize'
    /Library/Ruby/Gems/1.8/gems/activerecord-2.3.2/lib/active_record/connection_adapters/abstract/connection_pool.rb:183:in `checkout'
    /Library/Ruby/Gems/1.8/gems/activerecord-2.3.2/lib/active_record/connection_adapters/abstract/connection_pool.rb:98:in `connection'
    /Library/Ruby/Gems/1.8/gems/activerecord-2.3.2/lib/active_record/connection_adapters/abstract/connection_pool.rb:326:in `retrieve_connection'
    /Library/Ruby/Gems/1.8/gems/activerecord-2.3.2/lib/active_record/connection_adapters/abstract/connection_specification.rb:123:in `retrieve_connection'
    /Library/Ruby/Gems/1.8/gems/activerecord-2.3.2/lib/active_record/connection_adapters/abstract/connection_specification.rb:115:in `connection'
    /Library/Ruby/Gems/1.8/gems/activerecord-2.3.2/lib/active_record/query_cache.rb:9:in `cache'
    /Library/Ruby/Gems/1.8/gems/activerecord-2.3.2/lib/active_record/query_cache.rb:28:in `call'
    /Library/Ruby/Gems/1.8/gems/activerecord-2.3.2/lib/active_record/connection_adapters/abstract/connection_pool.rb:361:in `call'
    /Library/Ruby/Gems/1.8/gems/rack-1.0.0/lib/rack/head.rb:9:in `call'
    /Library/Ruby/Gems/1.8/gems/rack-1.0.0/lib/rack/methodoverride.rb:24:in `call'
    /Library/Ruby/Gems/1.8/gems/actionpack-2.3.2/lib/action_controller/params_parser.rb:15:in `call'
    /Library/Ruby/Gems/1.8/gems/actionpack-2.3.2/lib/action_controller/rewindable_input.rb:25:in `call'
    /Library/Ruby/Gems/1.8/gems/actionpack-2.3.2/lib/action_controller/session/cookie_store.rb:93:in `call'
    /Library/Ruby/Gems/1.8/gems/actionpack-2.3.2/lib/action_controller/reloader.rb:9:in `call'
    /Library/Ruby/Gems/1.8/gems/actionpack-2.3.2/lib/action_controller/failsafe.rb:11:in `call'
    /Library/Ruby/Gems/1.8/gems/rack-1.0.0/lib/rack/lock.rb:11:in `call'
    /Library/Ruby/Gems/1.8/gems/rack-1.0.0/lib/rack/lock.rb:11:in `synchronize'
    /Library/Ruby/Gems/1.8/gems/rack-1.0.0/lib/rack/lock.rb:11:in `call'
    /Library/Ruby/Gems/1.8/gems/actionpack-2.3.2/lib/action_controller/dispatcher.rb:106:in `call'
    /Library/Ruby/Gems/1.8/gems/rails-2.3.2/lib/rails/rack/static.rb:31:in `call'
    /Library/Ruby/Gems/1.8/gems/rack-1.0.0/lib/rack/urlmap.rb:46:in `call'
    /Library/Ruby/Gems/1.8/gems/rack-1.0.0/lib/rack/urlmap.rb:40:in `each'
    /Library/Ruby/Gems/1.8/gems/rack-1.0.0/lib/rack/urlmap.rb:40:in `call'
    /Library/Ruby/Gems/1.8/gems/rails-2.3.2/lib/rails/rack/log_tailer.rb:17:in `call'
    /Library/Ruby/Gems/1.8/gems/rack-1.0.0/lib/rack/content_length.rb:13:in `call'
    /Library/Ruby/Gems/1.8/gems/rack-1.0.0/lib/rack/chunked.rb:15:in `call'
    /Library/Ruby/Gems/1.8/gems/rack-1.0.0/lib/rack/handler/mongrel.rb:61:in `process'
    /Library/Ruby/Gems/1.8/gems/mongrel-1.1.5/lib/mongrel.rb:159:in `process_client'
    /Library/Ruby/Gems/1.8/gems/mongrel-1.1.5/lib/mongrel.rb:158:in `each'
    /Library/Ruby/Gems/1.8/gems/mongrel-1.1.5/lib/mongrel.rb:158:in `process_client'
    /Library/Ruby/Gems/1.8/gems/mongrel-1.1.5/lib/mongrel.rb:285:in `run'
    /Library/Ruby/Gems/1.8/gems/mongrel-1.1.5/lib/mongrel.rb:285:in `initialize'
    /Library/Ruby/Gems/1.8/gems/mongrel-1.1.5/lib/mongrel.rb:285:in `new'
    /Library/Ruby/Gems/1.8/gems/mongrel-1.1.5/lib/mongrel.rb:285:in `run'
    /Library/Ruby/Gems/1.8/gems/mongrel-1.1.5/lib/mongrel.rb:268:in `initialize'
    /Library/Ruby/Gems/1.8/gems/mongrel-1.1.5/lib/mongrel.rb:268:in `new'
    /Library/Ruby/Gems/1.8/gems/mongrel-1.1.5/lib/mongrel.rb:268:in `run'
    /Library/Ruby/Gems/1.8/gems/rack-1.0.0/lib/rack/handler/mongrel.rb:34:in `run'
    /Library/Ruby/Gems/1.8/gems/rails-2.3.2/lib/commands/server.rb:111
    /Library/Ruby/Site/1.8/rubygems/custom_require.rb:31:in `gem_original_require'
    /Library/Ruby/Site/1.8/rubygems/custom_require.rb:31:in `require'
    script/server:3
